<?xml version="1.0" encoding="UTF-8"?>
<!-- Generated by org.testng.reporters.JUnitReportReporter -->
<testsuite hostname="DESKTOP-Q75H7OK" failures="0" tests="1" name="com.login.tests.LoginTest" time="9.216" errors="0" timestamp="2024-08-16T10:14:40 IST" skipped="0">
  <testcase classname="com.login.tests.LoginTest" name="Check_Login" time="9.216"/>
</testsuite> <!-- com.login.tests.LoginTest -->
